Traceback (most recent call last):
  File "/opt/hostedtoolcache/Python/3.8.14/x64/lib/python3.8/site-packages/jupyter_cache/executors/utils.py", line 51, in single_nb_execution
    executenb(
  File "/opt/hostedtoolcache/Python/3.8.14/x64/lib/python3.8/site-packages/nbclient/client.py", line 1204, in execute
    return NotebookClient(nb=nb, resources=resources, km=km, **kwargs).execute()
  File "/opt/hostedtoolcache/Python/3.8.14/x64/lib/python3.8/site-packages/nbclient/util.py", line 84, in wrapped
    return just_run(coro(*args, **kwargs))
  File "/opt/hostedtoolcache/Python/3.8.14/x64/lib/python3.8/site-packages/nbclient/util.py", line 62, in just_run
    return loop.run_until_complete(coro)
  File "/opt/hostedtoolcache/Python/3.8.14/x64/lib/python3.8/asyncio/base_events.py", line 616, in run_until_complete
    return future.result()
  File "/opt/hostedtoolcache/Python/3.8.14/x64/lib/python3.8/site-packages/nbclient/client.py", line 663, in async_execute
    await self.async_execute_cell(
  File "/opt/hostedtoolcache/Python/3.8.14/x64/lib/python3.8/site-packages/nbclient/client.py", line 965, in async_execute_cell
    await self._check_raise_for_error(cell, cell_index, exec_reply)
  File "/opt/hostedtoolcache/Python/3.8.14/x64/lib/python3.8/site-packages/nbclient/client.py", line 862, in _check_raise_for_error
    raise CellExecutionError.from_cell_and_msg(cell, exec_reply_content)
nbclient.exceptions.CellExecutionError: An error occurred while executing the following cell:
------------------
static class RobbersCipher
{
  public static string Encode (char input, RobbersCipherVowel vowel)
    => input switch {
      'B' or 'b' or 'C' or 'c' or 'D' or 'd' or 'F' or 'f' or 'G' or 'g' or 'H' or 'h' or 'J' or 'j' or 'K' or 'k' or 'L' or 'l' or 'M' or 'm' or 'N' or 'n' or 'P' or 'p' or 'Q' or 'q' or 'R' or 'r' or 'S' or 's' or 'T' or 't' or 'V' or 'v' or 'W' or 'w' or 'X' or 'x' or 'Y' or 'y' or 'Z' or 'z'
      => $"{input}{vowel.Vowel}{input}",
    _ => $"{input}"
  };

  publc static string Encode (string input, RobbersCipherVowel vowel)
  {
    string output = "";
    foreach (char letter in input)
      output += Encode (letter, vowel);
    return output;
  }
}
------------------


Error: compilation error

